<?xml version="1.0" encoding="UTF-8"?>
<!-- Generated by org.testng.reporters.JUnitReportReporter -->
<testsuite hostname="NITISH" failures="0" tests="2" name="com.TestVagrantProject.testcases.ValidateReleseDateAndCountry" time="14.461" errors="0" timestamp="2022-10-22T08:36:18 IST" skipped="0">
  <testcase classname="com.TestVagrantProject.testcases.ValidateReleseDateAndCountry" name="ValidateCountry" time="13.353"/>
  <system-out/>
  <testcase classname="com.TestVagrantProject.testcases.ValidateReleseDateAndCountry" name="ValidateReleseDate" time="1.108"/>
  <system-out/>
</testsuite> <!-- com.TestVagrantProject.testcases.ValidateReleseDateAndCountry -->
