<?xml version="1.0" encoding="UTF-8"?>
<!-- Generated by org.testng.reporters.JUnitReportReporter -->
<testsuite hostname="NITISH" failures="0" tests="1" name="com.TestVagrantProject.testcases.TC_Validate_CountryName_ReleseDate" time="1.401" errors="0" timestamp="2022-10-21T23:54:20 IST" skipped="0">
  <testcase classname="com.TestVagrantProject.testcases.TC_Validate_CountryName_ReleseDate" name="ValidateCountry" time="1.401"/>
  <system-out/>
</testsuite> <!-- com.TestVagrantProject.testcases.TC_Validate_CountryName_ReleseDate -->
