<?xml version="1.0" encoding="UTF-8"?>
<!-- Generated by org.testng.reporters.JUnitReportReporter -->
<testsuite hostname="NITISH" failures="0" tests="2" name="com.TestVagrantProject.testcases.ValidateReleseDateAndCountry" time="2.841" errors="0" timestamp="2022-10-22T17:46:32 IST" skipped="0">
  <testcase classname="com.TestVagrantProject.testcases.ValidateReleseDateAndCountry" name="ValidateCountry" time="2.420"/>
  <system-out/>
  <testcase classname="com.TestVagrantProject.testcases.ValidateReleseDateAndCountry" name="ValidateReleseDate" time="0.421"/>
  <system-out/>
</testsuite> <!-- com.TestVagrantProject.testcases.ValidateReleseDateAndCountry -->
